<?xml version="1.0" encoding="UTF-8"?>
<!-- Generated by org.testng.reporters.JUnitReportReporter -->
<testsuite hostname="WINDOWS-4ILPKNN" failures="0" tests="5" name="com.training.testcase.UsermenuTest" time="109.511" errors="0" timestamp="2023-05-22T16:44:55 PDT" skipped="0">
  <testcase classname="com.training.testcase.UsermenuTest" name="Logoutoption" time="7.183"/>
  <system-out/>
  <testcase classname="com.training.testcase.UsermenuTest" name="MyProfile" time="74.007"/>
  <system-out/>
  <testcase classname="com.training.testcase.UsermenuTest" name="DeveloperConsole" time="7.476"/>
  <system-out/>
  <testcase classname="com.training.testcase.UsermenuTest" name="MySetting" time="14.288"/>
  <system-out/>
  <testcase classname="com.training.testcase.UsermenuTest" name="usermenu" time="6.557"/>
  <system-out/>
</testsuite> <!-- com.training.testcase.UsermenuTest -->
