<?xml version="1.0" encoding="UTF-8"?>
<!-- Generated by org.testng.reporters.JUnitReportReporter -->
<testsuite hostname="WINDOWS-4ILPKNN" failures="0" tests="1" name="com.training.testcase.CreateOppTest" time="57.868" errors="0" timestamp="2023-05-22T19:46:44 PDT" skipped="0">
  <testcase classname="com.training.testcase.CreateOppTest" name="TestQuaterlySummary" time="57.868"/>
  <system-out/>
</testsuite> <!-- com.training.testcase.CreateOppTest -->
