<?xml version="1.0" encoding="UTF-8"?>
<!-- Generated by org.testng.reporters.JUnitReportReporter -->
<testsuite hostname="WINDOWS-4ILPKNN" failures="0" tests="5" name="com.training.testcase.LoginTest" time="27.809" errors="0" timestamp="2023-05-22T14:05:55 PDT" skipped="0">
  <testcase classname="com.training.testcase.LoginTest" name="login" time="3.315"/>
  <system-out/>
  <testcase classname="com.training.testcase.LoginTest" name="Forgotpassword" time="3.780"/>
  <system-out/>
  <testcase classname="com.training.testcase.LoginTest" name="usermenu" time="11.724"/>
  <system-out/>
  <testcase classname="com.training.testcase.LoginTest" name="WrongUserandpassword" time="4.104"/>
  <system-out/>
  <testcase classname="com.training.testcase.LoginTest" name="Sdfclogin" time="4.886"/>
  <system-out/>
</testsuite> <!-- com.training.testcase.LoginTest -->
