<?xml version="1.0" encoding="UTF-8"?>
<!-- Generated by org.testng.reporters.JUnitReportReporter -->
<testsuite hostname="WINDOWS-4ILPKNN" failures="0" tests="1" name="com.training.testcase.ContactsTest" time="19.376" errors="0" timestamp="2023-05-23T09:19:35 PDT" skipped="0">
  <testcase classname="com.training.testcase.ContactsTest" name="Newbutton" time="19.376"/>
  <system-out/>
</testsuite> <!-- com.training.testcase.ContactsTest -->
