<?xml version="1.0" encoding="UTF-8"?>
<!-- Generated by org.testng.reporters.JUnitReportReporter -->
<testsuite hostname="WINDOWS-4ILPKNN" failures="0" tests="5" name="com.training.testcase.CreateAccountTest" time="102.161" errors="0" timestamp="2023-05-22T19:40:12 PDT" skipped="0">
  <testcase classname="com.training.testcase.CreateAccountTest" name="createaccountreport" time="18.205"/>
  <system-out/>
  <testcase classname="com.training.testcase.CreateAccountTest" name="Editview" time="19.367"/>
  <system-out/>
  <testcase classname="com.training.testcase.CreateAccountTest" name="CreateAccountReport" time="28.697"/>
  <system-out/>
  <testcase classname="com.training.testcase.CreateAccountTest" name="createacc" time="13.448"/>
  <system-out/>
  <testcase classname="com.training.testcase.CreateAccountTest" name="AccounT" time="22.444"/>
  <system-out/>
</testsuite> <!-- com.training.testcase.CreateAccountTest -->
