<?xml version="1.0" encoding="UTF-8"?>
<!-- Generated by org.testng.reporters.JUnitReportReporter -->
<testsuite hostname="WINDOWS-4ILPKNN" failures="0" tests="5" name="com.training.testcase.LeadsTest" time="91.414" errors="0" timestamp="2023-05-23T09:01:04 PDT" skipped="0">
  <testcase classname="com.training.testcase.LeadsTest" name="DefaultView" time="26.613"/>
  <system-out/>
  <testcase classname="com.training.testcase.LeadsTest" name="Todayslead" time="15.539"/>
  <system-out/>
  <testcase classname="com.training.testcase.LeadsTest" name="defaultview" time="16.078"/>
  <system-out/>
  <testcase classname="com.training.testcase.LeadsTest" name="leadselectview" time="13.741"/>
  <system-out/>
  <testcase classname="com.training.testcase.LeadsTest" name="checknew" time="19.443"/>
  <system-out/>
</testsuite> <!-- com.training.testcase.LeadsTest -->
